modulea/build/outputs/logs/manifest-merger-debug-report.txt
-- Merging decision tree log ---
manifest
ADDED from main\debug\AndroidManifest.xml:2:1-18:12
INJECTED from main\debug\AndroidManifest.xml:2:1-18:12
INJECTED from main\debug\AndroidManifest.xml:2:1-18:12
MERGED from [:baselibrary] AndroidManifest.xml:2:1-11:12
MERGED from [com.android.support.constraint:constraint-layout:1.0.2] AndroidManifest.xml:2:1-11:12
MERGED from [com.android.support:appcompat-v7:25.2.0] AndroidManifest.xml:17:1-27:12
MERGED from [com.android.support:support-v4:25.2.0] AndroidManifest.xml:17:1-27:12
MERGED from [com.android.support:support-fragment:25.2.0] AndroidManifest.xml:17:1-27:12
MERGED from [com.android.support:support-media-compat:25.2.0] AndroidManifest.xml:17:1-27:12
MERGED from [com.android.support:support-core-ui:25.2.0] AndroidManifest.xml:17:1-27:12
MERGED from [com.android.support:support-core-utils:25.2.0] AndroidManifest.xml:17:1-27:12
MERGED from [com.android.support:animated-vector-drawable:25.2.0] AndroidManifest.xml:17:1-24:12
MERGED from [com.android.support:support-vector-drawable:25.2.0] AndroidManifest.xml:17:1-25:12
MERGED from [com.android.support:support-compat:25.2.0] AndroidManifest.xml:17:1-27:12
INJECTED from main\debug\AndroidManifest.xml:2:1-18:12
INJECTED from main\debug\AndroidManifest.xml:2:1-18:12
	package
		ADDED from main\debug\AndroidManifest.xml:3:5-39
	android:versionName
		INJECTED from main\debug\AndroidManifest.xml
		INJECTED from main\debug\AndroidManifest.xml
	android:versionCode
		INJECTED from main\debug\AndroidManifest.xml
		INJECTED from main\debug\AndroidManifest.xml
	xmlns:android
		ADDED from main\debug\AndroidManifest.xml:2:11-69
application
ADDED from main\debug\AndroidManifest.xml:5:5-16:19
MERGED from [com.android.support.constraint:constraint-layout:1.0.2] AndroidManifest.xml:9:5-20
MERGED from [com.android.support.constraint:constraint-layout:1.0.2] AndroidManifest.xml:9:5-20
MERGED from [com.android.support:appcompat-v7:25.2.0] AndroidManifest.xml:25:5-20
MERGED from [com.android.support:appcompat-v7:25.2.0] AndroidManifest.xml:25:5-20
MERGED from [com.android.support:support-v4:25.2.0] AndroidManifest.xml:25:5-20
MERGED from [com.android.support:support-v4:25.2.0] AndroidManifest.xml:25:5-20
MERGED from [com.android.support:support-fragment:25.2.0] AndroidManifest.xml:25:5-20
MERGED from [com.android.support:support-fragment:25.2.0] AndroidManifest.xml:25:5-20
MERGED from [com.android.support:support-media-compat:25.2.0] AndroidManifest.xml:25:5-20
MERGED from [com.android.support:support-media-compat:25.2.0] AndroidManifest.xml:25:5-20
MERGED from [com.android.support:support-core-ui:25.2.0] AndroidManifest.xml:25:5-20
MERGED from [com.android.support:support-core-ui:25.2.0] AndroidManifest.xml:25:5-20
MERGED from [com.android.support:support-core-utils:25.2.0] AndroidManifest.xml:25:5-20
MERGED from [com.android.support:support-core-utils:25.2.0] AndroidManifest.xml:25:5-20
MERGED from [com.android.support:animated-vector-drawable:25.2.0] AndroidManifest.xml:22:5-20
MERGED from [com.android.support:animated-vector-drawable:25.2.0] AndroidManifest.xml:22:5-20
MERGED from [com.android.support:support-vector-drawable:25.2.0] AndroidManifest.xml:23:5-20
MERGED from [com.android.support:support-vector-drawable:25.2.0] AndroidManifest.xml:23:5-20
MERGED from [com.android.support:support-compat:25.2.0] AndroidManifest.xml:25:5-20
MERGED from [com.android.support:support-compat:25.2.0] AndroidManifest.xml:25:5-20
	android:supportsRtl
		ADDED from main\debug\AndroidManifest.xml:7:9-35
	android:label
		ADDED from main\debug\AndroidManifest.xml:6:9-50
	android:roundIcon
		ADDED from main\debug\AndroidManifest.xml:6:51-105
	android:icon
		ADDED from main\debug\AndroidManifest.xml:5:45-88
	android:allowBackup
		ADDED from main\debug\AndroidManifest.xml:5:18-44
	android:theme
		ADDED from main\debug\AndroidManifest.xml:8:9-49
activity#com.yucong.zhang.modulea.AMainActivity
ADDED from main\debug\AndroidManifest.xml:9:9-15:20
	android:name
		ADDED from main\debug\AndroidManifest.xml:9:19-48
intent-filter#android.intent.action.MAIN+android.intent.category.LAUNCHER
ADDED from main\debug\AndroidManifest.xml:10:13-14:29
action#android.intent.action.MAIN
ADDED from main\debug\AndroidManifest.xml:11:17-69
	android:name
		ADDED from main\debug\AndroidManifest.xml:11:25-66
category#android.intent.category.LAUNCHER
ADDED from main\debug\AndroidManifest.xml:13:17-77
	android:name
		ADDED from main\debug\AndroidManifest.xml:13:27-74
uses-sdk
INJECTED from main\debug\AndroidManifest.xml reason: use-sdk injection requested
INJECTED from main\debug\AndroidManifest.xml
INJECTED from main\debug\AndroidManifest.xml
MERGED from [:baselibrary] AndroidManifest.xml:7:5-9:41
MERGED from [:baselibrary] AndroidManifest.xml:7:5-9:41
MERGED from [com.android.support.constraint:constraint-layout:1.0.2] AndroidManifest.xml:5:5-7:41
MERGED from [com.android.support.constraint:constraint-layout:1.0.2] AndroidManifest.xml:5:5-7:41
MERGED from [com.android.support:appcompat-v7:25.2.0] AndroidManifest.xml:21:5-23:78
MERGED from [com.android.support:appcompat-v7:25.2.0] AndroidManifest.xml:21:5-23:78
MERGED from [com.android.support:support-v4:25.2.0] AndroidManifest.xml:21:5-23:54
MERGED from [com.android.support:support-v4:25.2.0] AndroidManifest.xml:21:5-23:54
MERGED from [com.android.support:support-fragment:25.2.0] AndroidManifest.xml:21:5-23:60
MERGED from [com.android.support:support-fragment:25.2.0] AndroidManifest.xml:21:5-23:60
MERGED from [com.android.support:support-media-compat:25.2.0] AndroidManifest.xml:21:5-23:63
MERGED from [com.android.support:support-media-compat:25.2.0] AndroidManifest.xml:21:5-23:63
MERGED from [com.android.support:support-core-ui:25.2.0] AndroidManifest.xml:21:5-23:58
MERGED from [com.android.support:support-core-ui:25.2.0] AndroidManifest.xml:21:5-23:58
MERGED from [com.android.support:support-core-utils:25.2.0] AndroidManifest.xml:21:5-23:61
MERGED from [com.android.support:support-core-utils:25.2.0] AndroidManifest.xml:21:5-23:61
MERGED from [com.android.support:animated-vector-drawable:25.2.0] AndroidManifest.xml:20:5-44
MERGED from [com.android.support:animated-vector-drawable:25.2.0] AndroidManifest.xml:20:5-44
MERGED from [com.android.support:support-vector-drawable:25.2.0] AndroidManifest.xml:21:5-43
MERGED from [com.android.support:support-vector-drawable:25.2.0] AndroidManifest.xml:21:5-43
MERGED from [com.android.support:support-compat:25.2.0] AndroidManifest.xml:21:5-23:58
MERGED from [com.android.support:support-compat:25.2.0] AndroidManifest.xml:21:5-23:58
INJECTED from main\debug\AndroidManifest.xml
INJECTED from main\debug\AndroidManifest.xml
	tools:overrideLibrary
		ADDED from [com.android.support:appcompat-v7:25.2.0] AndroidManifest.xml:23:9-75
	android:targetSdkVersion
		INJECTED from main\debug\AndroidManifest.xml
		INJECTED from main\debug\AndroidManifest.xml
	android:minSdkVersion
		INJECTED from main\debug\AndroidManifest.xml
		INJECTED from main\debug\AndroidManifest.xml